Environment variables loaded from .env
Prisma schema loaded from prisma/schema.prisma
Datasource "db": PostgreSQL database "postgres", schema "public" at "aws-0-us-east-1.pooler.supabase.com:5432"


Error: Prisma schema validation - (validate wasm)
Error code: P1012
[1;91merror[0m: [1mThe enum "NotificationStatus" cannot be defined because a enum with that name already exists.[0m
  [1;94m-->[0m  [4mprisma/schema.prisma:382[0m
[1;94m   | [0m
[1;94m381 | [0m
[1;94m382 | [0menum [1;91mNotificationStatus[0m {
[1;94m   | [0m
[1;91merror[0m: [1mThe enum "TriagePriority" cannot be defined because a enum with that name already exists.[0m
  [1;94m-->[0m  [4mprisma/schema.prisma:570[0m
[1;94m   | [0m
[1;94m569 | [0m
[1;94m570 | [0menum [1;91mTriagePriority[0m {
[1;94m   | [0m
[1;91merror[0m: [1mThe enum "TriagePriority" cannot be defined because a enum with that name already exists.[0m
  [1;94m-->[0m  [4mprisma/schema.prisma:760[0m
[1;94m   | [0m
[1;94m759 | [0m
[1;94m760 | [0menum [1;91mTriagePriority[0m {
[1;94m   | [0m
[1;91merror[0m: [1mThe enum "NotificationStatus" cannot be defined because a enum with that name already exists.[0m
  [1;94m-->[0m  [4mprisma/schema.prisma:767[0m
[1;94m   | [0m
[1;94m766 | [0m
[1;94m767 | [0menum [1;91mNotificationStatus[0m {
[1;94m   | [0m
[1;91merror[0m: [1mThe model "Queue" cannot be defined because a model with that name already exists.[0m
  [1;94m-->[0m  [4mprisma/schema.prisma:875[0m
[1;94m   | [0m
[1;94m874 | [0m
[1;94m875 | [0mmodel [1;91mQueue[0m {
[1;94m   | [0m
[1;91merror[0m: [1mThe enum "NotificationStatus" cannot be defined because a enum with that name already exists.[0m
  [1;94m-->[0m  [4mprisma/schema.prisma:958[0m
[1;94m   | [0m
[1;94m957 | [0m
[1;94m958 | [0menum [1;91mNotificationStatus[0m {
[1;94m   | [0m
[1;91merror[0m: [1mThe enum "NotificationStatus" cannot be defined because a enum with that name already exists.[0m
  [1;94m-->[0m  [4mprisma/schema.prisma:1073[0m
[1;94m   | [0m
[1;94m1072 | [0m
[1;94m1073 | [0menum [1;91mNotificationStatus[0m {
[1;94m   | [0m
[1;91merror[0m: [1mThe enum "NotificationStatus" cannot be defined because a enum with that name already exists.[0m
  [1;94m-->[0m  [4mprisma/schema.prisma:1883[0m
[1;94m   | [0m
[1;94m1882 | [0m
[1;94m1883 | [0menum [1;91mNotificationStatus[0m {
[1;94m   | [0m
[1;91merror[0m: [1mThe enum "NotificationStatus" cannot be defined because a enum with that name already exists.[0m
  [1;94m-->[0m  [4mprisma/schema.prisma:2491[0m
[1;94m   | [0m
[1;94m2490 | [0m
[1;94m2491 | [0menum [1;91mNotificationStatus[0m {
[1;94m   | [0m
[1;91merror[0m: [1mThe enum "PaymentMethod" cannot be defined because a enum with that name already exists.[0m
  [1;94m-->[0m  [4mprisma/schema.prisma:2709[0m
[1;94m   | [0m
[1;94m2708 | [0m
[1;94m2709 | [0menum [1;91mPaymentMethod[0m {
[1;94m   | [0m
[1;91merror[0m: [1mThe enum "NotificationStatus" cannot be defined because a enum with that name already exists.[0m
  [1;94m-->[0m  [4mprisma/schema.prisma:2984[0m
[1;94m   | [0m
[1;94m2983 | [0m
[1;94m2984 | [0menum [1;91mNotificationStatus[0m {
[1;94m   | [0m
[1;91merror[0m: [1mThe enum "NotificationStatus" cannot be defined because a enum with that name already exists.[0m
  [1;94m-->[0m  [4mprisma/schema.prisma:3213[0m
[1;94m   | [0m
[1;94m3212 | [0m
[1;94m3213 | [0menum [1;91mNotificationStatus[0m {
[1;94m   | [0m
[1;91merror[0m: [1mThe enum "NotificationStatus" cannot be defined because a enum with that name already exists.[0m
  [1;94m-->[0m  [4mprisma/schema.prisma:3286[0m
[1;94m   | [0m
[1;94m3285 | [0m
[1;94m3286 | [0menum [1;91mNotificationStatus[0m {
[1;94m   | [0m
[1;91merror[0m: [1mThe model "Supplier" cannot be defined because a model with that name already exists.[0m
  [1;94m-->[0m  [4mprisma/schema.prisma:3416[0m
[1;94m   | [0m
[1;94m3415 | [0m
[1;94m3416 | [0mmodel [1;91mSupplier[0m {
[1;94m   | [0m
[1;91merror[0m: [1mThe enum "NotificationStatus" cannot be defined because a enum with that name already exists.[0m
  [1;94m-->[0m  [4mprisma/schema.prisma:3826[0m
[1;94m   | [0m
[1;94m3825 | [0m
[1;94m3826 | [0menum [1;91mNotificationStatus[0m {
[1;94m   | [0m
[1;91merror[0m: [1mThe enum "NotificationStatus" cannot be defined because a enum with that name already exists.[0m
  [1;94m-->[0m  [4mprisma/schema.prisma:4530[0m
[1;94m   | [0m
[1;94m4529 | [0m
[1;94m4530 | [0menum [1;91mNotificationStatus[0m {
[1;94m   | [0m
[1;91merror[0m: [1mType "AuditLog" is neither a built-in type, nor refers to another model, composite type, or enum.[0m
  [1;94m-->[0m  [4mprisma/schema.prisma:58[0m
[1;94m   | [0m
[1;94m57 | [0m  updatedBy           User?                 @relation("DashboardUpdatedBy", fields: [updatedById], references: [id])
[1;94m58 | [0m  auditLogs           [1;91mAuditLog[0m[]            @relation("DashboardAuditLogs")
[1;94m   | [0m
[1;91merror[0m: [1mType "Billing" is neither a built-in type, nor refers to another model, composite type, or enum.[0m
  [1;94m-->[0m  [4mprisma/schema.prisma:77[0m
[1;94m   | [0m
[1;94m76 | [0m  billingId           Int?                  // Link to billing data
[1;94m77 | [0m  billing             [1;91mBilling[0m?              @relation(fields: [billingId], references: [id])
[1;94m   | [0m
[1;91merror[0m: [1mType "Radiology" is neither a built-in type, nor refers to another model, composite type, or enum.[0m
  [1;94m-->[0m  [4mprisma/schema.prisma:81[0m
[1;94m   | [0m
[1;94m80 | [0m  radiologyId         Int?                  // Link to radiology data
[1;94m81 | [0m  radiology           [1;91mRadiology[0m?            @relation(fields: [radiologyId], references: [id])
[1;94m   | [0m
[1;91merror[0m: [1mType "Pharmacy" is neither a built-in type, nor refers to another model, composite type, or enum.[0m
  [1;94m-->[0m  [4mprisma/schema.prisma:83[0m
[1;94m   | [0m
[1;94m82 | [0m  pharmacyId          Int?                  // Link to pharmacy data
[1;94m83 | [0m  pharmacy            [1;91mPharmacy[0m?             @relation(fields: [pharmacyId], references: [id])
[1;94m   | [0m
[1;91merror[0m: [1mType "AuditLog" is neither a built-in type, nor refers to another model, composite type, or enum.[0m
  [1;94m-->[0m  [4mprisma/schema.prisma:105[0m
[1;94m   | [0m
[1;94m104 | [0m  updatedBy           User?                 @relation("WidgetUpdatedBy", fields: [updatedById], references: [id])
[1;94m105 | [0m  auditLogs           [1;91mAuditLog[0m[]            @relation("DashboardWidgetAuditLogs")
[1;94m   | [0m
[1;91merror[0m: [1mType "Radiology" is neither a built-in type, nor refers to another model, composite type, or enum.[0m
  [1;94m-->[0m  [4mprisma/schema.prisma:178[0m
[1;94m   | [0m
[1;94m177 | [0m  laboratoryTests      Laboratory[]          // Lab tests for patient
[1;94m178 | [0m  radiologyTests       [1;91mRadiology[0m[]           // Radiology tests for patient
[1;94m   | [0m
[1;91merror[0m: [1mType "Pharmacy" is neither a built-in type, nor refers to another model, composite type, or enum.[0m
  [1;94m-->[0m  [4mprisma/schema.prisma:179[0m
[1;94m   | [0m
[1;94m178 | [0m  radiologyTests       Radiology[]           // Radiology tests for patient
[1;94m179 | [0m  pharmacyRecords      [1;91mPharmacy[0m[]            // Pharmacy records for patient
[1;94m   | [0m
[1;91merror[0m: [1mType "Billing" is neither a built-in type, nor refers to another model, composite type, or enum.[0m
  [1;94m-->[0m  [4mprisma/schema.prisma:188[0m
[1;94m   | [0m
[1;94m187 | [0m  helpdeskTickets      Helpdesk[]            // Helpdesk tickets raised by patient
[1;94m188 | [0m  billingRecords       [1;91mBilling[0m[]             // Billing records for patient
[1;94m   | [0m
[1;91merror[0m: [1mType "AuditLog" is neither a built-in type, nor refers to another model, composite type, or enum.[0m
  [1;94m-->[0m  [4mprisma/schema.prisma:195[0m
[1;94m   | [0m
[1;94m194 | [0m  updatedBy            User?                 @relation("PatientUpdatedBy", fields: [updatedById], references: [id])
[1;94m195 | [0m  auditLogs            [1;91mAuditLog[0m[]            @relation("PatientAuditLogs")
[1;94m   | [0m
[1;91merror[0m: [1mType "Radiology" is neither a built-in type, nor refers to another model, composite type, or enum.[0m
  [1;94m-->[0m  [4mprisma/schema.prisma:266[0m
[1;94m   | [0m
[1;94m265 | [0m  laboratoryOrders      Laboratory[]          @relation("LaboratoryOrders")
[1;94m266 | [0m  radiologyOrders       [1;91mRadiology[0m[]           @relation("RadiologyOrders")
[1;94m   | [0m
[1;91merror[0m: [1mType "Nursing" is neither a built-in type, nor refers to another model, composite type, or enum.[0m
  [1;94m-->[0m  [4mprisma/schema.prisma:268[0m
[1;94m   | [0m
[1;94m267 | [0m  operationTheatres     OperationTheatre[]    @relation("DoctorOperationTheatres")
[1;94m268 | [0m  nursingRecords        [1;91mNursing[0m[]             @relation("DoctorNursingRecords")
[1;94m   | [0m
[1;91merror[0m: [1mType "AuditLog" is neither a built-in type, nor refers to another model, composite type, or enum.[0m
  [1;94m-->[0m  [4mprisma/schema.prisma:278[0m
[1;94m   | [0m
[1;94m277 | [0m  updatedBy             User?                 @relation("DoctorUpdatedBy", fields: [updatedById], references: [id])
[1;94m278 | [0m  auditLogs             [1;91mAuditLog[0m[]            @relation("DoctorAuditLogs")
[1;94m   | [0m
[1;91merror[0m: [1mType "AuditLog" is neither a built-in type, nor refers to another model, composite type, or enum.[0m
  [1;94m-->[0m  [4mprisma/schema.prisma:308[0m
[1;94m   | [0m
[1;94m307 | [0m  updatedBy             User?                 @relation(fields: [updatedById], references: [id])
[1;94m308 | [0m  auditLogs             [1;91mAuditLog[0m[]            @relation("DoctorAvailabilityAuditLogs")
[1;94m   | [0m
[1;91merror[0m: [1mType "AuditLog" is neither a built-in type, nor refers to another model, composite type, or enum.[0m
  [1;94m-->[0m  [4mprisma/schema.prisma:328[0m
[1;94m   | [0m
[1;94m327 | [0m  updatedBy             User?                 @relation(fields: [updatedById], references: [id])
[1;94m328 | [0m  auditLogs             [1;91mAuditLog[0m[]            @relation("DoctorQualificationAuditLogs")
[1;94m   | [0m
[1;91merror[0m: [1mType "Billing" is neither a built-in type, nor refers to another model, composite type, or enum.[0m
  [1;94m-->[0m  [4mprisma/schema.prisma:413[0m
[1;94m   | [0m
[1;94m412 | [0m  billingId             Int?
[1;94m413 | [0m  billing               [1;91mBilling[0m?            @relation(fields: [billingId], references: [id])
[1;94m   | [0m
[1;91merror[0m: [1mType "Radiology" is neither a built-in type, nor refers to another model, composite type, or enum.[0m
  [1;94m-->[0m  [4mprisma/schema.prisma:423[0m
[1;94m   | [0m
[1;94m422 | [0m  radiologyId           Int?
[1;94m423 | [0m  radiology             [1;91mRadiology[0m?          @relation(fields: [radiologyId], references: [id])
[1;94m   | [0m
[1;91merror[0m: [1mType "Pharmacy" is neither a built-in type, nor refers to another model, composite type, or enum.[0m
  [1;94m-->[0m  [4mprisma/schema.prisma:425[0m
[1;94m   | [0m
[1;94m424 | [0m  pharmacyId            Int?
[1;94m425 | [0m  pharmacy              [1;91mPharmacy[0m?           @relation(fields: [pharmacyId], references: [id])
[1;94m   | [0m
[1;91merror[0m: [1mType "AuditLog" is neither a built-in type, nor refers to another model, composite type, or enum.[0m
  [1;94m-->[0m  [4mprisma/schema.prisma:444[0m
[1;94m   | [0m
[1;94m443 | [0m  notifications         AppointmentNotification[] @relation("AppointmentNotifications")
[1;94m444 | [0m  auditLogs             [1;91mAuditLog[0m[]          @relation("AppointmentAuditLogs")
[1;94m   | [0m
[1;91merror[0m: [1mType "AuditLog" is neither a built-in type, nor refers to another model, composite type, or enum.[0m
  [1;94m-->[0m  [4mprisma/schema.prisma:472[0m
[1;94m   | [0m
[1;94m471 | [0m  updatedAt           DateTime            @updatedAt
[1;94m472 | [0m  auditLogs           [1;91mAuditLog[0m[]          @relation("QueueAuditLogs")
[1;94m   | [0m
[1;91merror[0m: [1mType "AuditLog" is neither a built-in type, nor refers to another model, composite type, or enum.[0m
  [1;94m-->[0m  [4mprisma/schema.prisma:516[0m
[1;94m   | [0m
[1;94m515 | [0m  updatedAt           DateTime            @updatedAt
[1;94m516 | [0m  auditLogs           [1;91mAuditLog[0m[]          @relation("AppointmentDocumentAuditLogs")
[1;94m   | [0m
[1;91merror[0m: [1mType "AuditLog" is neither a built-in type, nor refers to another model, composite type, or enum.[0m
  [1;94m-->[0m  [4mprisma/schema.prisma:551[0m
[1;94m   | [0m
[1;94m550 | [0m  updatedBy           User?               @relation(fields: [updatedById], references: [id])
[1;94m551 | [0m  auditLogs           [1;91mAuditLog[0m[]          @relation("RecurringAppointmentAuditLogs")
[1;94m   | [0m
[1;91merror[0m: [1mType "Billing" is neither a built-in type, nor refers to another model, composite type, or enum.[0m
  [1;94m-->[0m  [4mprisma/schema.prisma:617[0m
[1;94m   | [0m
[1;94m616 | [0m  billingId            Int?                // Link to billing for admission charges
[1;94m617 | [0m  billing              [1;91mBilling[0m?            @relation(fields: [billingId], references: [id])
[1;94m   | [0m
[1;91merror[0m: [1mType "AuditLog" is neither a built-in type, nor refers to another model, composite type, or enum.[0m
  [1;94m-->[0m  [4mprisma/schema.prisma:633[0m
[1;94m   | [0m
[1;94m632 | [0m  updatedBy            User?               @relation("AdmissionUpdatedBy", fields: [updatedById], references: [id])
[1;94m633 | [0m  auditLogs            [1;91mAuditLog[0m[]          @relation("AdmissionAuditLogs")
[1;94m   | [0m
[1;91merror[0m: [1mType "Pharmacy" is neither a built-in type, nor refers to another model, composite type, or enum.[0m
  [1;94m-->[0m  [4mprisma/schema.prisma:655[0m
[1;94m   | [0m
[1;94m654 | [0m  pharmacyId           Int?                // Link to pharmacy for discharge medications
[1;94m655 | [0m  pharmacy             [1;91mPharmacy[0m?           @relation(fields: [pharmacyId], references: [id])
[1;94m   | [0m
[1;91merror[0m: [1mType "Billing" is neither a built-in type, nor refers to another model, composite type, or enum.[0m
  [1;94m-->[0m  [4mprisma/schema.prisma:657[0m
[1;94m   | [0m
[1;94m656 | [0m  billingId            Int?                // Link to final billing
[1;94m657 | [0m  billing              [1;91mBilling[0m?            @relation(fields: [billingId], references: [id])
[1;94m   | [0m
[1;91merror[0m: [1mType "SocialService" is neither a built-in type, nor refers to another model, composite type, or enum.[0m
  [1;94m-->[0m  [4mprisma/schema.prisma:663[0m
[1;94m   | [0m
[1;94m662 | [0m  socialServiceId      Int?                // Link to social services for post-discharge support
[1;94m663 | [0m  socialService        [1;91mSocialService[0m?      @relation(fields: [socialServiceId], references: [id])
[1;94m   | [0m
[1;91merror[0m: [1mType "AuditLog" is neither a built-in type, nor refers to another model, composite type, or enum.[0m
  [1;94m-->[0m  [4mprisma/schema.prisma:668[0m
[1;94m   | [0m
[1;94m667 | [0m  approvedBy           User?               @relation("DischargeApprovedBy", fields: [approvedById], references: [id])
[1;94m668 | [0m  auditLogs            [1;91mAuditLog[0m[]          @relation("DischargeAuditLogs")
[1;94m   | [0m
[1;91merror[0m: [1mType "AuditLog" is neither a built-in type, nor refers to another model, composite type, or enum.[0m
  [1;94m-->[0m  [4mprisma/schema.prisma:694[0m
[1;94m   | [0m
[1;94m693 | [0m  updatedBy            User?               @relation("WardUpdatedBy", fields: [updatedById], references: [id])
[1;94m694 | [0m  auditLogs            [1;91mAuditLog[0m[]          @relation("WardAuditLogs")
[1;94m   | [0m
[1;91merror[0m: [1mType "AuditLog" is neither a built-in type, nor refers to another model, composite type, or enum.[0m
  [1;94m-->[0m  [4mprisma/schema.prisma:715[0m
[1;94m   | [0m
[1;94m714 | [0m  updatedBy            User?               @relation(fields: [updatedById], references: [id])
[1;94m715 | [0m  auditLogs            [1;91mAuditLog[0m[]          @relation("BedAuditLogs")
[1;94m   | [0m
[1;91merror[0m: [1mType "AuditLog" is neither a built-in type, nor refers to another model, composite type, or enum.[0m
  [1;94m-->[0m  [4mprisma/schema.prisma:742[0m
[1;94m   | [0m
[1;94m741 | [0m  approvedBy           User?               @relation(fields: [approvedById], references: [id])
[1;94m742 | [0m  auditLogs            [1;91mAuditLog[0m[]          @relation("TransferAuditLogs")
[1;94m   | [0m
[1;91merror[0m: [1mType "Radiology" is neither a built-in type, nor refers to another model, composite type, or enum.[0m
  [1;94m-->[0m  [4mprisma/schema.prisma:798[0m
[1;94m   | [0m
[1;94m797 | [0m  radiologyId           Int?                // Link to radiology tests ordered
[1;94m798 | [0m  radiology             [1;91mRadiology[0m?          @relation(fields: [radiologyId], references: [id])
[1;94m   | [0m
[1;91merror[0m: [1mType "Pharmacy" is neither a built-in type, nor refers to another model, composite type, or enum.[0m
  [1;94m-->[0m  [4mprisma/schema.prisma:800[0m
[1;94m   | [0m
[1;94m799 | [0m  pharmacyId            Int?                // Link to prescriptions
[1;94m800 | [0m  pharmacy              [1;91mPharmacy[0m?           @relation(fields: [pharmacyId], references: [id])
[1;94m   | [0m
[1;91merror[0m: [1mType "Billing" is neither a built-in type, nor refers to another model, composite type, or enum.[0m
  [1;94m-->[0m  [4mprisma/schema.prisma:804[0m
[1;94m   | [0m
[1;94m803 | [0m  billingId             Int?                // Link to billing for emergency services
[1;94m804 | [0m  billing               [1;91mBilling[0m?            @relation(fields: [billingId], references: [id])
[1;94m   | [0m
[1;91merror[0m: [1mType "AuditLog" is neither a built-in type, nor refers to another model, composite type, or enum.[0m
  [1;94m-->[0m  [4mprisma/schema.prisma:819[0m
[1;94m   | [0m
[1;94m818 | [0m  updatedBy             User?               @relation("EmergencyUpdatedBy", fields: [updatedById], references: [id])
[1;94m819 | [0m  auditLogs             [1;91mAuditLog[0m[]          @relation("EmergencyAuditLogs")
[1;94m   | [0m
[1;91merror[0m: [1mType "AuditLog" is neither a built-in type, nor refers to another model, composite type, or enum.[0m
  [1;94m-->[0m  [4mprisma/schema.prisma:838[0m
[1;94m   | [0m
[1;94m837 | [0m  updatedAt             DateTime            @updatedAt
[1;94m838 | [0m  auditLogs             [1;91mAuditLog[0m[]          @relation("EmergencyDocumentAuditLogs")
[1;94m   | [0m
[1;91merror[0m: [1mType "AuditLog" is neither a built-in type, nor refers to another model, composite type, or enum.[0m
  [1;94m-->[0m  [4mprisma/schema.prisma:904[0m
[1;94m   | [0m
[1;94m903 | [0m  updatedBy           User?                 @relation("QueueUpdatedBy", fields: [updatedById], references: [id])
[1;94m904 | [0m  auditLogs           [1;91mAuditLog[0m[]            @relation("QueueAuditLogs")
[1;94m   | [0m
[1;91merror[0m: [1mType "AuditLog" is neither a built-in type, nor refers to another model, composite type, or enum.[0m
  [1;94m-->[0m  [4mprisma/schema.prisma:928[0m
[1;94m   | [0m
[1;94m927 | [0m  updatedBy           User?                 @relation("QueueConfigUpdatedBy", fields: [updatedById], references: [id])
[1;94m928 | [0m  auditLogs           [1;91mAuditLog[0m[]            @relation("QueueConfigAuditLogs")
[1;94m   | [0m
[1;91merror[0m: [1mType "Radiology" is neither a built-in type, nor refers to another model, composite type, or enum.[0m
  [1;94m-->[0m  [4mprisma/schema.prisma:994[0m
[1;94m   | [0m
[1;94m993 | [0m  radiologyId           Int?                // Link to radiology tests ordered
[1;94m994 | [0m  radiology             [1;91mRadiology[0m?          @relation(fields: [radiologyId], references: [id])
[1;94m   | [0m
[1;91merror[0m: [1mType "Pharmacy" is neither a built-in type, nor refers to another model, composite type, or enum.[0m
  [1;94m-->[0m  [4mprisma/schema.prisma:996[0m
[1;94m   | [0m
[1;94m995 | [0m  pharmacyId            Int?                // Link to prescriptions
[1;94m996 | [0m  pharmacy              [1;91mPharmacy[0m?           @relation(fields: [pharmacyId], references: [id])
[1;94m   | [0m
[1;91merror[0m: [1mType "Nursing" is neither a built-in type, nor refers to another model, composite type, or enum.[0m
  [1;94m-->[0m  [4mprisma/schema.prisma:1000[0m
[1;94m   | [0m
[1;94m999 | [0m  nursingId             Int?                // Link to nursing care provided
[1;94m1000 | [0m  nursing               [1;91mNursing[0m?            @relation(fields: [nursingId], references: [id])
[1;94m   | [0m
[1;91merror[0m: [1mType "Billing" is neither a built-in type, nor refers to another model, composite type, or enum.[0m
  [1;94m-->[0m  [4mprisma/schema.prisma:1002[0m
[1;94m   | [0m
[1;94m1001 | [0m  billingId             Int?                // Link to billing for clinical services
[1;94m1002 | [0m  billing               [1;91mBilling[0m?            @relation(fields: [billingId], references: [id])
[1;94m   | [0m
[1;91merror[0m: [1mType "AuditLog" is neither a built-in type, nor refers to another model, composite type, or enum.[0m
  [1;94m-->[0m  [4mprisma/schema.prisma:1014[0m
[1;94m   | [0m
[1;94m1013 | [0m  reviewedBy            User?               @relation("ClinicalRecordReviewedBy", fields: [reviewedById], references: [id])
[1;94m1014 | [0m  auditLogs             [1;91mAuditLog[0m[]          @relation("ClinicalRecordAuditLogs")
[1;94m   | [0m
[1;91merror[0m: [1mType "AuditLog" is neither a built-in type, nor refers to another model, composite type, or enum.[0m
  [1;94m-->[0m  [4mprisma/schema.prisma:1033[0m
[1;94m   | [0m
[1;94m1032 | [0m  updatedAt             DateTime            @updatedAt
[1;94m1033 | [0m  auditLogs             [1;91mAuditLog[0m[]          @relation("ClinicalDocumentAuditLogs")
[1;94m   | [0m
[1;91merror[0m: [1mType "Billing" is neither a built-in type, nor refers to another model, composite type, or enum.[0m
  [1;94m-->[0m  [4mprisma/schema.prisma:1108[0m
[1;94m   | [0m
[1;94m1107 | [0m  billingId             Int?                // Link to billing for lab test
[1;94m1108 | [0m  billing               [1;91mBilling[0m?            @relation(fields: [billingId], references: [id])
[1;94m   | [0m
[1;91merror[0m: [1mType "AuditLog" is neither a built-in type, nor refers to another model, composite type, or enum.[0m
  [1;94m-->[0m  [4mprisma/schema.prisma:1121[0m
[1;94m   | [0m
[1;94m1120 | [0m  updatedBy             User?               @relation("LaboratoryUpdatedBy", fields: [updatedById], references: [id])
[1;94m1121 | [0m  auditLogs             [1;91mAuditLog[0m[]          @relation("LaboratoryAuditLogs")
[1;94m   | [0m
[1;91merror[0m: [1mType "AuditLog" is neither a built-in type, nor refers to another model, composite type, or enum.[0m
  [1;94m-->[0m  [4mprisma/schema.prisma:1140[0m
[1;94m   | [0m
[1;94m1139 | [0m  updatedAt             DateTime            @updatedAt
[1;94m1140 | [0m  auditLogs             [1;91mAuditLog[0m[]          @relation("LabDocumentAuditLogs")
[1;94m   | [0m
[1;91merror[0m: [1mType "Billing" is neither a built-in type, nor refers to another model, composite type, or enum.[0m
  [1;94m-->[0m  [4mprisma/schema.prisma:1221[0m
[1;94m   | [0m
[1;94m1220 | [0m  billingId           Int?                  // Link to billing
[1;94m1221 | [0m  billing             [1;91mBilling[0m?              @relation(fields: [billingId], references: [id])
[1;94m   | [0m
[1;91merror[0m: [1mType "AuditLog" is neither a built-in type, nor refers to another model, composite type, or enum.[0m
  [1;94m-->[0m  [4mprisma/schema.prisma:1242[0m
[1;94m   | [0m
[1;94m1241 | [0m  reportedBy          User?                 @relation("RadiologyTestReportedBy", fields: [reportedById], references: [id])
[1;94m1242 | [0m  auditLogs           [1;91mAuditLog[0m[]            @relation("RadiologyTestAuditLogs")
[1;94m   | [0m
[1;91merror[0m: [1mType "Procurement" is neither a built-in type, nor refers to another model, composite type, or enum.[0m
  [1;94m-->[0m  [4mprisma/schema.prisma:1273[0m
[1;94m   | [0m
[1;94m1272 | [0m  procurementId       Int?                  // Link to procurement
[1;94m1273 | [0m  procurement         [1;91mProcurement[0m?          @relation(fields: [procurementId], references: [id])
[1;94m   | [0m
[1;91merror[0m: [1mType "AuditLog" is neither a built-in type, nor refers to another model, composite type, or enum.[0m
  [1;94m-->[0m  [4mprisma/schema.prisma:1281[0m
[1;94m   | [0m
[1;94m1280 | [0m  updatedBy           User?                 @relation("EquipmentUpdatedBy", fields: [updatedById], references: [id])
[1;94m1281 | [0m  auditLogs           [1;91mAuditLog[0m[]            @relation("RadiologyEquipmentAuditLogs")
[1;94m   | [0m
[1;91merror[0m: [1mType "AuditLog" is neither a built-in type, nor refers to another model, composite type, or enum.[0m
  [1;94m-->[0m  [4mprisma/schema.prisma:1335[0m
[1;94m   | [0m
[1;94m1334 | [0m  updatedBy           User?                 @relation("TheatreUpdatedBy", fields: [updatedById], references: [id])
[1;94m1335 | [0m  auditLogs           [1;91mAuditLog[0m[]            @relation("OperationTheatreAuditLogs")
[1;94m   | [0m
[1;91merror[0m: [1mType "Pharmacy" is neither a built-in type, nor refers to another model, composite type, or enum.[0m
  [1;94m-->[0m  [4mprisma/schema.prisma:1375[0m
[1;94m   | [0m
[1;94m1374 | [0m  pharmacyId          Int?                  // Link to pharmacy for medications
[1;94m1375 | [0m  pharmacy            [1;91mPharmacy[0m?             @relation(fields: [pharmacyId], references: [id])
[1;94m   | [0m
[1;91merror[0m: [1mType "Nursing" is neither a built-in type, nor refers to another model, composite type, or enum.[0m
  [1;94m-->[0m  [4mprisma/schema.prisma:1377[0m
[1;94m   | [0m
[1;94m1376 | [0m  nursingId           Int?                  // Link to nursing care during procedure
[1;94m1377 | [0m  nursing             [1;91mNursing[0m?              @relation(fields: [nursingId], references: [id])
[1;94m   | [0m
[1;91merror[0m: [1mType "Billing" is neither a built-in type, nor refers to another model, composite type, or enum.[0m
  [1;94m-->[0m  [4mprisma/schema.prisma:1379[0m
[1;94m   | [0m
[1;94m1378 | [0m  billingId           Int?                  // Link to billing for procedure charges
[1;94m1379 | [0m  billing             [1;91mBilling[0m?              @relation(fields: [billingId], references: [id])
[1;94m   | [0m
[1;91merror[0m: [1mType "AuditLog" is neither a built-in type, nor refers to another model, composite type, or enum.[0m
  [1;94m-->[0m  [4mprisma/schema.prisma:1390[0m
[1;94m   | [0m
[1;94m1389 | [0m  updatedBy           User?                 @relation("ProcedureUpdatedBy", fields: [updatedById], references: [id])
[1;94m1390 | [0m  auditLogs           [1;91mAuditLog[0m[]            @relation("SurgicalProcedureAuditLogs")
[1;94m   | [0m
[1;91merror[0m: [1mType "AuditLog" is neither a built-in type, nor refers to another model, composite type, or enum.[0m
  [1;94m-->[0m  [4mprisma/schema.prisma:1408[0m
[1;94m   | [0m
[1;94m1407 | [0m  updatedBy           User?                 @relation("StaffAssignmentUpdatedBy", fields: [updatedById], references: [id])
[1;94m1408 | [0m  auditLogs           [1;91mAuditLog[0m[]            @relation("SurgicalStaffAuditLogs")
[1;94m   | [0m
[1;91merror[0m: [1mType "Radiology" is neither a built-in type, nor refers to another model, composite type, or enum.[0m
  [1;94m-->[0m  [4mprisma/schema.prisma:1464[0m
[1;94m   | [0m
[1;94m1463 | [0m  radiologyId           Int?                  // Link to default radiology
[1;94m1464 | [0m  radiology             [1;91mRadiology[0m?            @relation(fields: [radiologyId], references: [id])
[1;94m   | [0m
[1;91merror[0m: [1mType "Pharmacy" is neither a built-in type, nor refers to another model, composite type, or enum.[0m
  [1;94m-->[0m  [4mprisma/schema.prisma:1466[0m
[1;94m   | [0m
[1;94m1465 | [0m  pharmacyId            Int?                  // Link to default pharmacy
[1;94m1466 | [0m  pharmacy              [1;91mPharmacy[0m?             @relation(fields: [pharmacyId], references: [id])
[1;94m   | [0m
[1;91merror[0m: [1mType "Nursing" is neither a built-in type, nor refers to another model, composite type, or enum.[0m
  [1;94m-->[0m  [4mprisma/schema.prisma:1470[0m
[1;94m   | [0m
[1;94m1469 | [0m  nursingId             Int?                  // Link to nursing protocols
[1;94m1470 | [0m  nursing               [1;91mNursing[0m?              @relation(fields: [nursingId], references: [id])
[1;94m   | [0m
[1;91merror[0m: [1mType "Cssd" is neither a built-in type, nor refers to another model, composite type, or enum.[0m
  [1;94m-->[0m  [4mprisma/schema.prisma:1472[0m
[1;94m   | [0m
[1;94m1471 | [0m  cssdId                Int?                  // Link to CSSD for sterilization protocols
[1;94m1472 | [0m  cssd                  [1;91mCssd[0m?                 @relation(fields: [cssdId], references: [id])
[1;94m   | [0m
[1;91merror[0m: [1mType "AuditLog" is neither a built-in type, nor refers to another model, composite type, or enum.[0m
  [1;94m-->[0m  [4mprisma/schema.prisma:1483[0m
[1;94m   | [0m
[1;94m1482 | [0m  updatedBy             User?                 @relation("ClinicalSettingUpdatedBy", fields: [updatedById], references: [id])
[1;94m1483 | [0m  auditLogs             [1;91mAuditLog[0m[]            @relation("ClinicalSettingAuditLogs")
[1;94m   | [0m
[1;91merror[0m: [1mType "AuditLog" is neither a built-in type, nor refers to another model, composite type, or enum.[0m
  [1;94m-->[0m  [4mprisma/schema.prisma:1510[0m
[1;94m   | [0m
[1;94m1509 | [0m  updatedBy             User?                 @relation(fields: [updatedById], references: [id])
[1;94m1510 | [0m  auditLogs             [1;91mAuditLog[0m[]            @relation("RoomAuditLogs")
[1;94m   | [0m
[1;91merror[0m: [1mType "AuditLog" is neither a built-in type, nor refers to another model, composite type, or enum.[0m
  [1;94m-->[0m  [4mprisma/schema.prisma:1531[0m
[1;94m   | [0m
[1;94m1530 | [0m  updatedBy             User?                 @relation(fields: [updatedById], references: [id])
[1;94m1531 | [0m  auditLogs             [1;91mAuditLog[0m[]            @relation("RoomScheduleAuditLogs")
[1;94m   | [0m
[1;91merror[0m: [1mType "AuditLog" is neither a built-in type, nor refers to another model, composite type, or enum.[0m
  [1;94m-->[0m  [4mprisma/schema.prisma:1548[0m
[1;94m   | [0m
[1;94m1547 | [0m  updatedAt             DateTime             @updatedAt
[1;94m1548 | [0m  auditLogs             [1;91mAuditLog[0m[]           @relation("ClinicalSettingDocumentAuditLogs")
[1;94m   | [0m
[1;91merror[0m: [1mType "Procurement" is neither a built-in type, nor refers to another model, composite type, or enum.[0m
  [1;94m-->[0m  [4mprisma/schema.prisma:1628[0m
[1;94m   | [0m
[1;94m1627 | [0m  procurementId       Int?                  // Link to procurement for acquisition
[1;94m1628 | [0m  procurement         [1;91mProcurement[0m?          @relation(fields: [procurementId], references: [id])
[1;94m   | [0m
[1;91merror[0m: [1mType "AuditLog" is neither a built-in type, nor refers to another model, composite type, or enum.[0m
  [1;94m-->[0m  [4mprisma/schema.prisma:1639[0m
[1;94m   | [0m
[1;94m1638 | [0m  updatedBy           User?                 @relation("InstrumentUpdatedBy", fields: [updatedById], references: [id])
[1;94m1639 | [0m  auditLogs           [1;91mAuditLog[0m[]            @relation("CSSDInstrumentAuditLogs")
[1;94m   | [0m
[1;91merror[0m: [1mType "AuditLog" is neither a built-in type, nor refers to another model, composite type, or enum.[0m
  [1;94m-->[0m  [4mprisma/schema.prisma:1668[0m
[1;94m   | [0m
[1;94m1667 | [0m  logs                CSSDLog[]             @relation("RecordLogs")
[1;94m1668 | [0m  auditLogs           [1;91mAuditLog[0m[]            @relation("CSSDRecordAuditLogs")
[1;94m   | [0m
[1;91merror[0m: [1mType "Procurement" is neither a built-in type, nor refers to another model, composite type, or enum.[0m
  [1;94m-->[0m  [4mprisma/schema.prisma:1695[0m
[1;94m   | [0m
[1;94m1694 | [0m  procurementId       Int?                  // Link to procurement for restocking
[1;94m1695 | [0m  procurement         [1;91mProcurement[0m?          @relation(fields: [procurementId], references: [id])
[1;94m   | [0m
[1;91merror[0m: [1mType "AuditLog" is neither a built-in type, nor refers to another model, composite type, or enum.[0m
  [1;94m-->[0m  [4mprisma/schema.prisma:1697[0m
[1;94m   | [0m
[1;94m1696 | [0m  logs                CSSDLog[]             @relation("RequisitionLogs")
[1;94m1697 | [0m  auditLogs           [1;91mAuditLog[0m[]            @relation("CSSDRequisitionAuditLogs")
[1;94m   | [0m
[1;91merror[0m: [1mType "Procurement" is neither a built-in type, nor refers to another model, composite type, or enum.[0m
  [1;94m-->[0m  [4mprisma/schema.prisma:1716[0m
[1;94m   | [0m
[1;94m1715 | [0m  procurementId       Int?                  // Link to procurement for parts
[1;94m1716 | [0m  procurement         [1;91mProcurement[0m?          @relation(fields: [procurementId], references: [id])
[1;94m   | [0m
[1;91merror[0m: [1mType "Pharmacy" is neither a built-in type, nor refers to another model, composite type, or enum.[0m
  [1;94m-->[0m  [4mprisma/schema.prisma:1800[0m
[1;94m   | [0m
[1;94m1799 | [0m  pharmacyId          Int?                  // Link to pharmacy for medication administration
[1;94m1800 | [0m  pharmacy            [1;91mPharmacy[0m?             @relation(fields: [pharmacyId], references: [id])
[1;94m   | [0m
[1;91merror[0m: [1mType "Billing" is neither a built-in type, nor refers to another model, composite type, or enum.[0m
  [1;94m-->[0m  [4mprisma/schema.prisma:1802[0m
[1;94m   | [0m
[1;94m1801 | [0m  billingId           Int?                  // Link to billing for nursing services
[1;94m1802 | [0m  billing             [1;91mBilling[0m?              @relation(fields: [billingId], references: [id])
[1;94m   | [0m
[1;91merror[0m: [1mType "AuditLog" is neither a built-in type, nor refers to another model, composite type, or enum.[0m
  [1;94m-->[0m  [4mprisma/schema.prisma:1809[0m
[1;94m   | [0m
[1;94m1808 | [0m  updatedBy           User?                 @relation("NursingCareUpdatedBy", fields: [updatedById], references: [id])
[1;94m1809 | [0m  auditLogs           [1;91mAuditLog[0m[]            @relation("NursingCareAuditLogs")
[1;94m   | [0m
[1;91merror[0m: [1mType "AuditLog" is neither a built-in type, nor refers to another model, composite type, or enum.[0m
  [1;94m-->[0m  [4mprisma/schema.prisma:1836[0m
[1;94m   | [0m
[1;94m1835 | [0m  updatedBy           User?                 @relation("TaskUpdatedBy", fields: [updatedById], references: [id])
[1;94m1836 | [0m  auditLogs           [1;91mAuditLog[0m[]            @relation("NursingTaskAuditLogs")
[1;94m   | [0m
[1;91merror[0m: [1mType "AuditLog" is neither a built-in type, nor refers to another model, composite type, or enum.[0m
  [1;94m-->[0m  [4mprisma/schema.prisma:1860[0m
[1;94m   | [0m
[1;94m1859 | [0m  updatedBy           User?                 @relation("ShiftUpdatedBy", fields: [updatedById], references: [id])
[1;94m1860 | [0m  auditLogs           [1;91mAuditLog[0m[]            @relation("NursingShiftAuditLogs")
[1;94m   | [0m
[1;91merror[0m: [1mType "Billing" is neither a built-in type, nor refers to another model, composite type, or enum.[0m
  [1;94m-->[0m  [4mprisma/schema.prisma:1914[0m
[1;94m   | [0m
[1;94m1913 | [0m  billingId             Int?                // Link to billing for maternity services
[1;94m1914 | [0m  billing               [1;91mBilling[0m?            @relation(fields: [billingId], references: [id])
[1;94m   | [0m
[1;91merror[0m: [1mType "Radiology" is neither a built-in type, nor refers to another model, composite type, or enum.[0m
  [1;94m-->[0m  [4mprisma/schema.prisma:1924[0m
[1;94m   | [0m
[1;94m1923 | [0m  radiologyId           Int?                // Link to radiology tests ordered
[1;94m1924 | [0m  radiology             [1;91mRadiology[0m?          @relation(fields: [radiologyId], references: [id])
[1;94m   | [0m
[1;91merror[0m: [1mType "Pharmacy" is neither a built-in type, nor refers to another model, composite type, or enum.[0m
  [1;94m-->[0m  [4mprisma/schema.prisma:1926[0m
[1;94m   | [0m
[1;94m1925 | [0m  pharmacyId            Int?                // Link to prescriptions
[1;94m1926 | [0m  pharmacy              [1;91mPharmacy[0m?           @relation(fields: [pharmacyId], references: [id])
[1;94m   | [0m
[1;91merror[0m: [1mType "AuditLog" is neither a built-in type, nor refers to another model, composite type, or enum.[0m
  [1;94m-->[0m  [4mprisma/schema.prisma:1934[0m
[1;94m   | [0m
[1;94m1933 | [0m  updatedBy             User?               @relation("MaternityUpdatedBy", fields: [updatedById], references: [id])
[1;94m1934 | [0m  auditLogs             [1;91mAuditLog[0m[]          @relation("MaternityAuditLogs")
[1;94m   | [0m
[1;91merror[0m: [1mType "AuditLog" is neither a built-in type, nor refers to another model, composite type, or enum.[0m
  [1;94m-->[0m  [4mprisma/schema.prisma:1953[0m
[1;94m   | [0m
[1;94m1952 | [0m  updatedAt             DateTime            @updatedAt
[1;94m1953 | [0m  auditLogs             [1;91mAuditLog[0m[]          @relation("MaternityDocumentAuditLogs")
[1;94m   | [0m
[1;91merror[0m: [1mType "Billing" is neither a built-in type, nor refers to another model, composite type, or enum.[0m
  [1;94m-->[0m  [4mprisma/schema.prisma:2041[0m
[1;94m   | [0m
[1;94m2040 | [0m  billingId           Int?                  // Link to billing
[1;94m2041 | [0m  billing             [1;91mBilling[0m?              @relation(fields: [billingId], references: [id])
[1;94m   | [0m
[1;91merror[0m: [1mType "Pharmacy" is neither a built-in type, nor refers to another model, composite type, or enum.[0m
  [1;94m-->[0m  [4mprisma/schema.prisma:2047[0m
[1;94m   | [0m
[1;94m2046 | [0m  pharmacyId          Int?                  // Link to pharmacy for vaccine supply
[1;94m2047 | [0m  pharmacy            [1;91mPharmacy[0m?             @relation(fields: [pharmacyId], references: [id])
[1;94m   | [0m
[1;91merror[0m: [1mType "AuditLog" is neither a built-in type, nor refers to another model, composite type, or enum.[0m
  [1;94m-->[0m  [4mprisma/schema.prisma:2055[0m
[1;94m   | [0m
[1;94m2054 | [0m  updatedBy           User?                 @relation("VaccinationUpdatedBy", fields: [updatedById], references: [id])
[1;94m2055 | [0m  auditLogs           [1;91mAuditLog[0m[]            @relation("VaccinationAuditLogs")
[1;94m   | [0m
[1;91merror[0m: [1mType "AuditLog" is neither a built-in type, nor refers to another model, composite type, or enum.[0m
  [1;94m-->[0m  [4mprisma/schema.prisma:2083[0m
[1;94m   | [0m
[1;94m2082 | [0m  updatedBy           User?                 @relation("CampaignUpdatedBy", fields: [updatedById], references: [id])
[1;94m2083 | [0m  auditLogs           [1;91mAuditLog[0m[]            @relation("VaccinationCampaignAuditLogs")
[1;94m   | [0m
[1;91merror[0m: [1mType "Pharmacy" is neither a built-in type, nor refers to another model, composite type, or enum.[0m
  [1;94m-->[0m  [4mprisma/schema.prisma:2148[0m
[1;94m   | [0m
[1;94m2147 | [0m  pharmacyId          Int?                  // Link to pharmacy
[1;94m2148 | [0m  pharmacy            [1;91mPharmacy[0m?             @relation(fields: [pharmacyId], references: [id])
[1;94m   | [0m
[1;91merror[0m: [1mType "Procurement" is neither a built-in type, nor refers to another model, composite type, or enum.[0m
  [1;94m-->[0m  [4mprisma/schema.prisma:2150[0m
[1;94m   | [0m
[1;94m2149 | [0m  procurementId       Int?                  // Link to procurement for restocking
[1;94m2150 | [0m  procurement         [1;91mProcurement[0m?          @relation(fields: [procurementId], references: [id])
[1;94m   | [0m
[1;91merror[0m: [1mType "AuditLog" is neither a built-in type, nor refers to another model, composite type, or enum.[0m
  [1;94m-->[0m  [4mprisma/schema.prisma:2167[0m
[1;94m   | [0m
[1;94m2166 | [0m  updatedBy           User?                 @relation("MedicationUpdatedBy", fields: [updatedById], references: [id])
[1;94m2167 | [0m  auditLogs           [1;91mAuditLog[0m[]            @relation("MedicationAuditLogs")
[1;94m   | [0m
[1;91merror[0m: [1mType "AuditLog" is neither a built-in type, nor refers to another model, composite type, or enum.[0m
  [1;94m-->[0m  [4mprisma/schema.prisma:2189[0m
[1;94m   | [0m
[1;94m2188 | [0m  updatedBy           User?                 @relation("FormularyUpdatedBy", fields: [updatedById], references: [id])
[1;94m2189 | [0m  auditLogs           [1;91mAuditLog[0m[]            @relation("FormularyAuditLogs")
[1;94m   | [0m
[1;91merror[0m: [1mType "AuditLog" is neither a built-in type, nor refers to another model, composite type, or enum.[0m
  [1;94m-->[0m  [4mprisma/schema.prisma:2208[0m
[1;94m   | [0m
[1;94m2207 | [0m  updatedBy           User?                 @relation("InteractionUpdatedBy", fields: [updatedById], references: [id])
[1;94m2208 | [0m  auditLogs           [1;91mAuditLog[0m[]            @relation("DrugInteractionAuditLogs")
[1;94m   | [0m
[1;91merror[0m: [1mType "AuditLog" is neither a built-in type, nor refers to another model, composite type, or enum.[0m
  [1;94m-->[0m  [4mprisma/schema.prisma:2232[0m
[1;94m   | [0m
[1;94m2231 | [0m  updatedBy           User?                 @relation("AdverseReactionUpdatedBy", fields: [updatedById], references: [id])
[1;94m2232 | [0m  auditLogs           [1;91mAuditLog[0m[]            @relation("AdverseReactionAuditLogs")
[1;94m   | [0m
[1;91merror[0m: [1mType "Procurement" is neither a built-in type, nor refers to another model, composite type, or enum.[0m
  [1;94m-->[0m  [4mprisma/schema.prisma:2269[0m
[1;94m   | [0m
[1;94m2268 | [0m  inventoryItems      Inventory[]           // Inventory items managed by department
[1;94m2269 | [0m  procurements        [1;91mProcurement[0m[]         // Procurement requests from department
[1;94m   | [0m
[1;91merror[0m: [1mType "Radiology" is neither a built-in type, nor refers to another model, composite type, or enum.[0m
  [1;94m-->[0m  [4mprisma/schema.prisma:2277[0m
[1;94m   | [0m
[1;94m2276 | [0m  laboratoryTests     Laboratory[]          // Lab tests ordered by department
[1;94m2277 | [0m  radiologyTests      [1;91mRadiology[0m[]           // Radiology tests ordered by department
[1;94m   | [0m
[1;91merror[0m: [1mType "Pharmacy" is neither a built-in type, nor refers to another model, composite type, or enum.[0m
  [1;94m-->[0m  [4mprisma/schema.prisma:2278[0m
[1;94m   | [0m
[1;94m2277 | [0m  radiologyTests      Radiology[]           // Radiology tests ordered by department
[1;94m2278 | [0m  pharmacyRecords     [1;91mPharmacy[0m[]            // Pharmacy records linked to department
[1;94m   | [0m
[1;91merror[0m: [1mType "Nursing" is neither a built-in type, nor refers to another model, composite type, or enum.[0m
  [1;94m-->[0m  [4mprisma/schema.prisma:2280[0m
[1;94m   | [0m
[1;94m2279 | [0m  operationTheatres   OperationTheatre[]    // Operation theatres managed by department
[1;94m2280 | [0m  nursingRecords      [1;91mNursing[0m[]             // Nursing records linked to department
[1;94m   | [0m
[1;91merror[0m: [1mType "Report" is neither a built-in type, nor refers to another model, composite type, or enum.[0m
  [1;94m-->[0m  [4mprisma/schema.prisma:2283[0m
[1;94m   | [0m
[1;94m2282 | [0m  vaccinationRecords  Vaccination[]         // Vaccination records linked to department
[1;94m2283 | [0m  reports             [1;91mReport[0m[]              // Reports generated for department
[1;94m   | [0m
[1;91merror[0m: [1mType "AuditLog" is neither a built-in type, nor refers to another model, composite type, or enum.[0m
  [1;94m-->[0m  [4mprisma/schema.prisma:2289[0m
[1;94m   | [0m
[1;94m2288 | [0m  updatedBy           User?                 @relation("DepartmentUpdatedBy", fields: [updatedById], references: [id])
[1;94m2289 | [0m  auditLogs           [1;91mAuditLog[0m[]            @relation("DepartmentAuditLogs")
[1;94m   | [0m
[1;91merror[0m: [1mType "Pharmacy" is neither a built-in type, nor refers to another model, composite type, or enum.[0m
  [1;94m-->[0m  [4mprisma/schema.prisma:2335[0m
[1;94m   | [0m
[1;94m2334 | [0m  pharmacyId          Int?                  // Link to pharmacy
[1;94m2335 | [0m  pharmacy            [1;91mPharmacy[0m?             @relation(fields: [pharmacyId], references: [id])
[1;94m   | [0m
[1;91merror[0m: [1mType "AuditLog" is neither a built-in type, nor refers to another model, composite type, or enum.[0m
  [1;94m-->[0m  [4mprisma/schema.prisma:2353[0m
[1;94m   | [0m
[1;94m2352 | [0m  updatedBy           User?                 @relation("PrescriptionUpdatedBy", fields: [updatedById], references: [id])
[1;94m2353 | [0m  auditLogs           [1;91mAuditLog[0m[]            @relation("PrescriptionAuditLogs")
[1;94m   | [0m
[1;91merror[0m: [1mType "AuditLog" is neither a built-in type, nor refers to another model, composite type, or enum.[0m
  [1;94m-->[0m  [4mprisma/schema.prisma:2376[0m
[1;94m   | [0m
[1;94m2375 | [0m  updatedBy           User?                 @relation("PrescriptionItemUpdatedBy", fields: [updatedById], references: [id])
[1;94m2376 | [0m  auditLogs           [1;91mAuditLog[0m[]            @relation("PrescriptionItemAuditLogs")
[1;94m   | [0m
[1;91merror[0m: [1mType "Pharmacy" is neither a built-in type, nor refers to another model, composite type, or enum.[0m
  [1;94m-->[0m  [4mprisma/schema.prisma:2394[0m
[1;94m   | [0m
[1;94m2393 | [0m  pharmacyId          Int?                  // Link to pharmacy
[1;94m2394 | [0m  pharmacy            [1;91mPharmacy[0m?             @relation(fields: [pharmacyId], references: [id])
[1;94m   | [0m
[1;91merror[0m: [1mType "AuditLog" is neither a built-in type, nor refers to another model, composite type, or enum.[0m
  [1;94m-->[0m  [4mprisma/schema.prisma:2405[0m
[1;94m   | [0m
[1;94m2404 | [0m  updatedBy           User?                 @relation("DispensingRecordUpdatedBy", fields: [updatedById], references: [id])
[1;94m2405 | [0m  auditLogs           [1;91mAuditLog[0m[]            @relation("DispensingRecordAuditLogs")
[1;94m   | [0m
[1;91merror[0m: [1mType "Pharmacy" is neither a built-in type, nor refers to another model, composite type, or enum.[0m
  [1;94m-->[0m  [4mprisma/schema.prisma:2416[0m
[1;94m   | [0m
[1;94m2415 | [0m  pharmacyId          Int?                  // Link to pharmacy
[1;94m2416 | [0m  pharmacy            [1;91mPharmacy[0m?             @relation(fields: [pharmacyId], references: [id])
[1;94m   | [0m
[1;91merror[0m: [1mType "Procurement" is neither a built-in type, nor refers to another model, composite type, or enum.[0m
  [1;94m-->[0m  [4mprisma/schema.prisma:2428[0m
[1;94m   | [0m
[1;94m2427 | [0m  procurementId       Int?                  // Link to procurement for restocking
[1;94m2428 | [0m  procurement         [1;91mProcurement[0m?          @relation(fields: [procurementId], references: [id])
[1;94m   | [0m
[1;91merror[0m: [1mType "AuditLog" is neither a built-in type, nor refers to another model, composite type, or enum.[0m
  [1;94m-->[0m  [4mprisma/schema.prisma:2432[0m
[1;94m   | [0m
[1;94m2431 | [0m  notes               String?               // Additional notes
[1;94m2432 | [0m  auditLogs           [1;91mAuditLog[0m[]            @relation("StockAdjustmentAuditLogs")
[1;94m   | [0m
[1;91merror[0m: [1mType "Radiology" is neither a built-in type, nor refers to another model, composite type, or enum.[0m
  [1;94m-->[0m  [4mprisma/schema.prisma:2512[0m
[1;94m   | [0m
[1;94m2511 | [0m  radiologyId           Int?
[1;94m2512 | [0m  radiology             [1;91mRadiology[0m?          @relation(fields: [radiologyId], references: [id])
[1;94m   | [0m
[1;91merror[0m: [1mType "Pharmacy" is neither a built-in type, nor refers to another model, composite type, or enum.[0m
  [1;94m-->[0m  [4mprisma/schema.prisma:2514[0m
[1;94m   | [0m
[1;94m2513 | [0m  pharmacyId            Int?
[1;94m2514 | [0m  pharmacy              [1;91mPharmacy[0m?           @relation(fields: [pharmacyId], references: [id])
[1;94m   | [0m
[1;91merror[0m: [1mType "AuditLog" is neither a built-in type, nor refers to another model, composite type, or enum.[0m
  [1;94m-->[0m  [4mprisma/schema.prisma:2546[0m
[1;94m   | [0m
[1;94m2545 | [0m  updatedBy             User?               @relation("InvoiceUpdatedBy", fields: [updatedById], references: [id])
[1;94m2546 | [0m  auditLogs             [1;91mAuditLog[0m[]          @relation("InvoiceAuditLogs")
[1;94m   | [0m
[1;91merror[0m: [1mType "Service" is neither a built-in type, nor refers to another model, composite type, or enum.[0m
  [1;94m-->[0m  [4mprisma/schema.prisma:2567[0m
[1;94m   | [0m
[1;94m2566 | [0m  serviceId             Int?                // Link to specific service (e.g., consultation, procedure)
[1;94m2567 | [0m  service               [1;91mService[0m?            @relation(fields: [serviceId], references: [id])
[1;94m   | [0m
[1;91merror[0m: [1mType "AuditLog" is neither a built-in type, nor refers to another model, composite type, or enum.[0m
  [1;94m-->[0m  [4mprisma/schema.prisma:2576[0m
[1;94m   | [0m
[1;94m2575 | [0m  updatedBy             User?               @relation(fields: [updatedById], references: [id])
[1;94m2576 | [0m  auditLogs             [1;91mAuditLog[0m[]          @relation("BillingItemAuditLogs")
[1;94m   | [0m
[1;91merror[0m: [1mType "AuditLog" is neither a built-in type, nor refers to another model, composite type, or enum.[0m
  [1;94m-->[0m  [4mprisma/schema.prisma:2599[0m
[1;94m   | [0m
[1;94m2598 | [0m  refundReference       String?             @unique // External refund reference
[1;94m2599 | [0m  auditLogs             [1;91mAuditLog[0m[]          @relation("RefundAuditLogs")
[1;94m   | [0m
[1;91merror[0m: [1mType "AuditLog" is neither a built-in type, nor refers to another model, composite type, or enum.[0m
  [1;94m-->[0m  [4mprisma/schema.prisma:2621[0m
[1;94m   | [0m
[1;94m2620 | [0m  payments              Payment[]           @relation("PaymentPlanPayments")
[1;94m2621 | [0m  auditLogs             [1;91mAuditLog[0m[]          @relation("PaymentPlanAuditLogs")
[1;94m   | [0m
[1;91merror[0m: [1mType "AuditLog" is neither a built-in type, nor refers to another model, composite type, or enum.[0m
  [1;94m-->[0m  [4mprisma/schema.prisma:2644[0m
[1;94m   | [0m
[1;94m2643 | [0m  notes                 String?
[1;94m2644 | [0m  auditLogs             [1;91mAuditLog[0m[]          @relation("PaymentAuditLogs")
[1;94m   | [0m
[1;91merror[0m: [1mType "AuditLog" is neither a built-in type, nor refers to another model, composite type, or enum.[0m
  [1;94m-->[0m  [4mprisma/schema.prisma:2661[0m
[1;94m   | [0m
[1;94m2660 | [0m  updatedAt             DateTime            @updatedAt
[1;94m2661 | [0m  auditLogs             [1;91mAuditLog[0m[]          @relation("InvoiceDocumentAuditLogs")
[1;94m   | [0m
[1;91merror[0m: [1mType "Procurement" is neither a built-in type, nor refers to another model, composite type, or enum.[0m
  [1;94m-->[0m  [4mprisma/schema.prisma:2770[0m
[1;94m   | [0m
[1;94m2769 | [0m  procurementId     Int?
[1;94m2770 | [0m  procurement       [1;91mProcurement[0m?        @relation("TransactionProcurement", fields: [procurementId], references: [id])
[1;94m   | [0m
[1;91merror[0m: [1mType "AuditLog" is neither a built-in type, nor refers to another model, composite type, or enum.[0m
  [1;94m-->[0m  [4mprisma/schema.prisma:2782[0m
[1;94m   | [0m
[1;94m2781 | [0m  reconciliations   Reconciliation[]    @relation("TransactionReconciliations")
[1;94m2782 | [0m  auditLogs         [1;91mAuditLog[0m[]          @relation("TransactionAuditLogs")
[1;94m   | [0m
[1;91merror[0m: [1mType "AuditLog" is neither a built-in type, nor refers to another model, composite type, or enum.[0m
  [1;94m-->[0m  [4mprisma/schema.prisma:2811[0m
[1;94m   | [0m
[1;94m2810 | [0m  updatedAt         DateTime            @updatedAt
[1;94m2811 | [0m  auditLogs         [1;91mAuditLog[0m[]          @relation("CostCenterAuditLogs")
[1;94m   | [0m
[1;91merror[0m: [1mType "AuditLog" is neither a built-in type, nor refers to another model, composite type, or enum.[0m
  [1;94m-->[0m  [4mprisma/schema.prisma:2838[0m
[1;94m   | [0m
[1;94m2837 | [0m  updatedAt         DateTime            @updatedAt
[1;94m2838 | [0m  auditLogs         [1;91mAuditLog[0m[]          @relation("BudgetAuditLogs")
[1;94m   | [0m
[1;91merror[0m: [1mType "AuditLog" is neither a built-in type, nor refers to another model, composite type, or enum.[0m
  [1;94m-->[0m  [4mprisma/schema.prisma:2872[0m
[1;94m   | [0m
[1;94m2871 | [0m  updatedAt         DateTime            @updatedAt
[1;94m2872 | [0m  auditLogs         [1;91mAuditLog[0m[]          @relation("ReconciliationAuditLogs")
[1;94m   | [0m
[1;91merror[0m: [1mType "AuditLog" is neither a built-in type, nor refers to another model, composite type, or enum.[0m
  [1;94m-->[0m  [4mprisma/schema.prisma:2887[0m
[1;94m   | [0m
[1;94m2886 | [0m  updatedAt         DateTime            @updatedAt
[1;94m2887 | [0m  auditLogs         [1;91mAuditLog[0m[]          @relation("BankStatementAuditLogs")
[1;94m   | [0m
[1;91merror[0m: [1mType "AuditLog" is neither a built-in type, nor refers to another model, composite type, or enum.[0m
  [1;94m-->[0m  [4mprisma/schema.prisma:2904[0m
[1;94m   | [0m
[1;94m2903 | [0m  updatedAt         DateTime            @updatedAt
[1;94m2904 | [0m  auditLogs         [1;91mAuditLog[0m[]          @relation("BankAccountAuditLogs")
[1;94m   | [0m
[1;91merror[0m: [1mType "AuditLog" is neither a built-in type, nor refers to another model, composite type, or enum.[0m
  [1;94m-->[0m  [4mprisma/schema.prisma:2922[0m
[1;94m   | [0m
[1;94m2921 | [0m  updatedAt         DateTime            @updatedAt
[1;94m2922 | [0m  auditLogs         [1;91mAuditLog[0m[]          @relation("GeneralLedgerAuditLogs")
[1;94m   | [0m
[1;91merror[0m: [1mType "AuditLog" is neither a built-in type, nor refers to another model, composite type, or enum.[0m
  [1;94m-->[0m  [4mprisma/schema.prisma:2934[0m
[1;94m   | [0m
[1;94m2933 | [0m  updatedAt         DateTime            @updatedAt
[1;94m2934 | [0m  auditLogs         [1;91mAuditLog[0m[]          @relation("TaxCategoryAuditLogs")
[1;94m   | [0m
[1;91merror[0m: [1mType "AuditLog" is neither a built-in type, nor refers to another model, composite type, or enum.[0m
  [1;94m-->[0m  [4mprisma/schema.prisma:2953[0m
[1;94m   | [0m
[1;94m2952 | [0m  updatedAt         DateTime            @updatedAt
[1;94m2953 | [0m  auditLogs         [1;91mAuditLog[0m[]          @relation("CostAllocationAuditLogs")
[1;94m   | [0m
[1;91merror[0m: [1mType "Pharmacy" is neither a built-in type, nor refers to another model, composite type, or enum.[0m
  [1;94m-->[0m  [4mprisma/schema.prisma:3003[0m
[1;94m   | [0m
[1;94m3002 | [0m  pharmacyId            Int?
[1;94m3003 | [0m  pharmacy              [1;91mPharmacy[0m?           @relation(fields: [pharmacyId], references: [id])
[1;94m   | [0m
[1;91merror[0m: [1mType "Radiology" is neither a built-in type, nor refers to another model, composite type, or enum.[0m
  [1;94m-->[0m  [4mprisma/schema.prisma:3007[0m
[1;94m   | [0m
[1;94m3006 | [0m  radiologyId           Int?
[1;94m3007 | [0m  radiology             [1;91mRadiology[0m?          @relation(fields: [radiologyId], references: [id])
[1;94m   | [0m
[1;91merror[0m: [1mType "AuditLog" is neither a built-in type, nor refers to another model, composite type, or enum.[0m
  [1;94m-->[0m  [4mprisma/schema.prisma:3038[0m
[1;94m   | [0m
[1;94m3037 | [0m  updatedBy             User?               @relation("ClaimUpdatedBy", fields: [updatedById], references: [id])
[1;94m3038 | [0m  auditLogs             [1;91mAuditLog[0m[]          @relation("ClaimAuditLogs")
[1;94m   | [0m
[1;91merror[0m: [1mType "AuditLog" is neither a built-in type, nor refers to another model, composite type, or enum.[0m
  [1;94m-->[0m  [4mprisma/schema.prisma:3058[0m
[1;94m   | [0m
[1;94m3057 | [0m  updatedAt             DateTime            @updatedAt
[1;94m3058 | [0m  auditLogs             [1;91mAuditLog[0m[]          @relation("ClaimDocumentAuditLogs")
[1;94m   | [0m
[1;91merror[0m: [1mType "AuditLog" is neither a built-in type, nor refers to another model, composite type, or enum.[0m
  [1;94m-->[0m  [4mprisma/schema.prisma:3089[0m
[1;94m   | [0m
[1;94m3088 | [0m  notes                 String?             // Additional notes for adjustment
[1;94m3089 | [0m  auditLogs             [1;91mAuditLog[0m[]          @relation("ClaimAdjustmentAuditLogs")
[1;94m   | [0m
[1;91merror[0m: [1mType "AuditLog" is neither a built-in type, nor refers to another model, composite type, or enum.[0m
  [1;94m-->[0m  [4mprisma/schema.prisma:3104[0m
[1;94m   | [0m
[1;94m3103 | [0m  updatedAt             DateTime            @updatedAt
[1;94m3104 | [0m  auditLogs             [1;91mAuditLog[0m[]          @relation("InsuranceAuditLogs")
[1;94m   | [0m
[1;91merror[0m: [1mType "Radiology" is neither a built-in type, nor refers to another model, composite type, or enum.[0m
  [1;94m-->[0m  [4mprisma/schema.prisma:3152[0m
[1;94m   | [0m
[1;94m3151 | [0m  radiologyId         Int?                  // Link to radiology tests
[1;94m3152 | [0m  radiology           [1;91mRadiology[0m?            @relation(fields: [radiologyId], references: [id])
[1;94m   | [0m
[1;91merror[0m: [1mType "Pharmacy" is neither a built-in type, nor refers to another model, composite type, or enum.[0m
  [1;94m-->[0m  [4mprisma/schema.prisma:3154[0m
[1;94m   | [0m
[1;94m3153 | [0m  pharmacyId          Int?                  // Link to pharmacy prescriptions
[1;94m3154 | [0m  pharmacy            [1;91mPharmacy[0m?             @relation(fields: [pharmacyId], references: [id])
[1;94m   | [0m
[1;91merror[0m: [1mType "Billing" is neither a built-in type, nor refers to another model, composite type, or enum.[0m
  [1;94m-->[0m  [4mprisma/schema.prisma:3178[0m
[1;94m   | [0m
[1;94m3177 | [0m  billingId           Int?                  // Link to billing
[1;94m3178 | [0m  billing             [1;91mBilling[0m?              @relation(fields: [billingId], references: [id])
[1;94m   | [0m
[1;91merror[0m: [1mType "AuditLog" is neither a built-in type, nor refers to another model, composite type, or enum.[0m
  [1;94m-->[0m  [4mprisma/schema.prisma:3187[0m
[1;94m   | [0m
[1;94m3186 | [0m  reviewedBy          User?                 @relation("NhifClaimReviewedBy", fields: [reviewedById], references: [id])
[1;94m3187 | [0m  auditLogs           [1;91mAuditLog[0m[]            @relation("NhifClaimAuditLogs")
[1;94m   | [0m
[1;91merror[0m: [1mType "AuditLog" is neither a built-in type, nor refers to another model, composite type, or enum.[0m
  [1;94m-->[0m  [4mprisma/schema.prisma:3245[0m
[1;94m   | [0m
[1;94m3244 | [0m  updatedBy             User?               @relation("IncentiveUpdatedBy", fields: [updatedById], references: [id])
[1;94m3245 | [0m  auditLogs             [1;91mAuditLog[0m[]          @relation("IncentiveAuditLogs")
[1;94m   | [0m
[1;91merror[0m: [1mType "Pharmacy" is neither a built-in type, nor refers to another model, composite type, or enum.[0m
  [1;94m-->[0m  [4mprisma/schema.prisma:3316[0m
[1;94m   | [0m
[1;94m3315 | [0m  pharmacyId            Int?                // Link to pharmacy for medication items
[1;94m3316 | [0m  pharmacy              [1;91mPharmacy[0m?           @relation(fields: [pharmacyId], references: [id])
[1;94m   | [0m
[1;91merror[0m: [1mType "AuditLog" is neither a built-in type, nor refers to another model, composite type, or enum.[0m
  [1;94m-->[0m  [4mprisma/schema.prisma:3325[0m
[1;94m   | [0m
[1;94m3324 | [0m  updatedBy             User?               @relation("InventoryUpdatedBy", fields: [updatedById], references: [id])
[1;94m3325 | [0m  auditLogs             [1;91mAuditLog[0m[]          @relation("InventoryAuditLogs")
[1;94m   | [0m
[1;91merror[0m: [1mType "AuditLog" is neither a built-in type, nor refers to another model, composite type, or enum.[0m
  [1;94m-->[0m  [4mprisma/schema.prisma:3350[0m
[1;94m   | [0m
[1;94m3349 | [0m  updatedBy             User?               @relation(fields: [updatedById], references: [id])
[1;94m3350 | [0m  auditLogs             [1;91mAuditLog[0m[]          @relation("InventoryTransactionAuditLogs")
[1;94m   | [0m
[1;91merror[0m: [1mType "AuditLog" is neither a built-in type, nor refers to another model, composite type, or enum.[0m
  [1;94m-->[0m  [4mprisma/schema.prisma:3382[0m
[1;94m   | [0m
[1;94m3381 | [0m  inventory             Inventory[]         @relation
[1;94m3382 | [0m  auditLogs             [1;91mAuditLog[0m[]          @relation("SupplierAuditLogs")
[1;94m   | [0m
[1;91merror[0m: [1mType "AuditLog" is neither a built-in type, nor refers to another model, composite type, or enum.[0m
  [1;94m-->[0m  [4mprisma/schema.prisma:3446[0m
[1;94m   | [0m
[1;94m3445 | [0m  updatedBy           User?                 @relation("SupplierUpdatedBy", fields: [updatedById], references: [id])
[1;94m3446 | [0m  auditLogs           [1;91mAuditLog[0m[]            @relation("SupplierAuditLogs")
[1;94m   | [0m
[1;91merror[0m: [1mType "AuditLog" is neither a built-in type, nor refers to another model, composite type, or enum.[0m
  [1;94m-->[0m  [4mprisma/schema.prisma:3483[0m
[1;94m   | [0m
[1;94m3482 | [0m  updatedBy           User?                 @relation("PurchaseOrderUpdatedBy", fields: [updatedById], references: [id])
[1;94m3483 | [0m  auditLogs           [1;91mAuditLog[0m[]            @relation("PurchaseOrderAuditLogs")
[1;94m   | [0m
[1;91merror[0m: [1mType "AuditLog" is neither a built-in type, nor refers to another model, composite type, or enum.[0m
  [1;94m-->[0m  [4mprisma/schema.prisma:3512[0m
[1;94m   | [0m
[1;94m3511 | [0m  updatedBy           User?                 @relation("PurchaseOrderItemUpdatedBy", fields: [updatedById], references: [id])
[1;94m3512 | [0m  auditLogs           [1;91mAuditLog[0m[]            @relation("PurchaseOrderItemAuditLogs")
[1;94m   | [0m
[1;91merror[0m: [1mType "AuditLog" is neither a built-in type, nor refers to another model, composite type, or enum.[0m
  [1;94m-->[0m  [4mprisma/schema.prisma:3574[0m
[1;94m   | [0m
[1;94m3573 | [0m  updatedBy             User?               @relation(fields: [updatedById], references: [id])
[1;94m3574 | [0m  auditLogs             [1;91mAuditLog[0m[]          @relation("FixedAssetAuditLogs")
[1;94m   | [0m
[1;91merror[0m: [1mType "AuditLog" is neither a built-in type, nor refers to another model, composite type, or enum.[0m
  [1;94m-->[0m  [4mprisma/schema.prisma:3596[0m
[1;94m   | [0m
[1;94m3595 | [0m  updatedBy             User?               @relation(fields: [updatedById], references: [id])
[1;94m3596 | [0m  auditLogs             [1;91mAuditLog[0m[]          @relation("MaintenanceRecordAuditLogs")
[1;94m   | [0m
[1;91merror[0m: [1mType "AuditLog" is neither a built-in type, nor refers to another model, composite type, or enum.[0m
  [1;94m-->[0m  [4mprisma/schema.prisma:3668[0m
[1;94m   | [0m
[1;94m3667 | [0m  notifications         ReportNotification[] @relation("ReportNotifications")
[1;94m3668 | [0m  auditLogs             [1;91mAuditLog[0m[]          @relation("DynamicReportAuditLogs")
[1;94m   | [0m
[1;91merror[0m: [1mType "AuditLog" is neither a built-in type, nor refers to another model, composite type, or enum.[0m
  [1;94m-->[0m  [4mprisma/schema.prisma:3686[0m
[1;94m   | [0m
[1;94m3685 | [0m  reports               DynamicReport[]     @relation
[1;94m3686 | [0m  auditLogs             [1;91mAuditLog[0m[]          @relation("ReportTemplateAuditLogs")
[1;94m   | [0m
[1;91merror[0m: [1mType "Radiology" is neither a built-in type, nor refers to another model, composite type, or enum.[0m
  [1;94m-->[0m  [4mprisma/schema.prisma:3767[0m
[1;94m   | [0m
[1;94m3766 | [0m  radiologyId          Int?                  // Link to radiology tests
[1;94m3767 | [0m  radiology            [1;91mRadiology[0m?            @relation(fields: [radiologyId], references: [id])
[1;94m   | [0m
[1;91merror[0m: [1mType "Pharmacy" is neither a built-in type, nor refers to another model, composite type, or enum.[0m
  [1;94m-->[0m  [4mprisma/schema.prisma:3769[0m
[1;94m   | [0m
[1;94m3768 | [0m  pharmacyId           Int?                  // Link to prescriptions
[1;94m3769 | [0m  pharmacy             [1;91mPharmacy[0m?             @relation(fields: [pharmacyId], references: [id])
[1;94m   | [0m
[1;91merror[0m: [1mType "Nursing" is neither a built-in type, nor refers to another model, composite type, or enum.[0m
  [1;94m-->[0m  [4mprisma/schema.prisma:3773[0m
[1;94m   | [0m
[1;94m3772 | [0m  nursingId            Int?                  // Link to nursing care
[1;94m3773 | [0m  nursing              [1;91mNursing[0m?              @relation(fields: [nursingId], references: [id])
[1;94m   | [0m
[1;91merror[0m: [1mType "Billing" is neither a built-in type, nor refers to another model, composite type, or enum.[0m
  [1;94m-->[0m  [4mprisma/schema.prisma:3779[0m
[1;94m   | [0m
[1;94m3778 | [0m  billingId            Int?                  // Link to billing for services
[1;94m3779 | [0m  billing              [1;91mBilling[0m?              @relation(fields: [billingId], references: [id])
[1;94m   | [0m
[1;91merror[0m: [1mType "AuditLog" is neither a built-in type, nor refers to another model, composite type, or enum.[0m
  [1;94m-->[0m  [4mprisma/schema.prisma:3792[0m
[1;94m   | [0m
[1;94m3791 | [0m  reviewedBy           User?                 @relation("MedicalRecordReviewedBy", fields: [reviewedById], references: [id])
[1;94m3792 | [0m  auditLogs            [1;91mAuditLog[0m[]            @relation("MedicalRecordAuditLogs")
[1;94m   | [0m
[1;91merror[0m: [1mType "AuditLog" is neither a built-in type, nor refers to another model, composite type, or enum.[0m
  [1;94m-->[0m  [4mprisma/schema.prisma:3871[0m
[1;94m   | [0m
[1;94m3870 | [0m  updatedBy             User?               @relation("HelpdeskUpdatedBy", fields: [updatedById], references: [id])
[1;94m3871 | [0m  auditLogs             [1;91mAuditLog[0m[]          @relation("HelpdeskAuditLogs")
[1;94m   | [0m
[1;91merror[0m: [1mType "AuditLog" is neither a built-in type, nor refers to another model, composite type, or enum.[0m
  [1;94m-->[0m  [4mprisma/schema.prisma:3889[0m
[1;94m   | [0m
[1;94m3888 | [0m  updatedAt             DateTime            @updatedAt
[1;94m3889 | [0m  auditLogs             [1;91mAuditLog[0m[]          @relation("TicketCommentAuditLogs")
[1;94m   | [0m
[1;91merror[0m: [1mType "AuditLog" is neither a built-in type, nor refers to another model, composite type, or enum.[0m
  [1;94m-->[0m  [4mprisma/schema.prisma:3904[0m
[1;94m   | [0m
[1;94m3903 | [0m  updatedAt             DateTime            @updatedAt
[1;94m3904 | [0m  auditLogs             [1;91mAuditLog[0m[]          @relation("TicketAttachmentAuditLogs")
[1;94m   | [0m
[1;91merror[0m: [1mType "AuditLog" is neither a built-in type, nor refers to another model, composite type, or enum.[0m
  [1;94m-->[0m  [4mprisma/schema.prisma:3975[0m
[1;94m   | [0m
[1;94m3974 | [0m  campaigns           MarketingCampaign[]   // Marketing campaigns linked to program
[1;94m3975 | [0m  auditLogs           [1;91mAuditLog[0m[]            @relation("ReferralProgramAuditLogs")
[1;94m   | [0m
[1;91merror[0m: [1mType "AuditLog" is neither a built-in type, nor refers to another model, composite type, or enum.[0m
  [1;94m-->[0m  [4mprisma/schema.prisma:4017[0m
[1;94m   | [0m
[1;94m4016 | [0m  updatedBy           User?                 @relation("ReferralUpdatedBy", fields: [updatedById], references: [id])
[1;94m4017 | [0m  auditLogs           [1;91mAuditLog[0m[]            @relation("ReferralAuditLogs")
[1;94m   | [0m
[1;91merror[0m: [1mType "AuditLog" is neither a built-in type, nor refers to another model, composite type, or enum.[0m
  [1;94m-->[0m  [4mprisma/schema.prisma:4042[0m
[1;94m   | [0m
[1;94m4041 | [0m  updatedBy           User?                 @relation("RewardUpdatedBy", fields: [updatedById], references: [id])
[1;94m4042 | [0m  auditLogs           [1;91mAuditLog[0m[]            @relation("ReferralRewardAuditLogs")
[1;94m   | [0m
[1;91merror[0m: [1mType "AuditLog" is neither a built-in type, nor refers to another model, composite type, or enum.[0m
  [1;94m-->[0m  [4mprisma/schema.prisma:4067[0m
[1;94m   | [0m
[1;94m4066 | [0m  updatedBy           User?                 @relation("CampaignUpdatedBy", fields: [updatedById], references: [id])
[1;94m4067 | [0m  auditLogs           [1;91mAuditLog[0m[]            @relation("MarketingCampaignAuditLogs")
[1;94m   | [0m
[1;91merror[0m: [1mType "Billing" is neither a built-in type, nor refers to another model, composite type, or enum.[0m
  [1;94m-->[0m  [4mprisma/schema.prisma:4128[0m
[1;94m   | [0m
[1;94m4127 | [0m  billingId           Int?                  // Link to billing for services
[1;94m4128 | [0m  billing             [1;91mBilling[0m?              @relation(fields: [billingId], references: [id])
[1;94m   | [0m
[1;91merror[0m: [1mType "AuditLog" is neither a built-in type, nor refers to another model, composite type, or enum.[0m
  [1;94m-->[0m  [4mprisma/schema.prisma:4142[0m
[1;94m   | [0m
[1;94m4141 | [0m  updatedBy           User?                 @relation("CaseUpdatedBy", fields: [updatedById], references: [id])
[1;94m4142 | [0m  auditLogs           [1;91mAuditLog[0m[]            @relation("SocialServiceCaseAuditLogs")
[1;94m   | [0m
[1;91merror[0m: [1mType "AuditLog" is neither a built-in type, nor refers to another model, composite type, or enum.[0m
  [1;94m-->[0m  [4mprisma/schema.prisma:4166[0m
[1;94m   | [0m
[1;94m4165 | [0m  updatedBy           User?                 @relation("AgencyUpdatedBy", fields: [updatedById], references: [id])
[1;94m4166 | [0m  auditLogs           [1;91mAuditLog[0m[]            @relation("ExternalAgencyAuditLogs")
[1;94m   | [0m
[1;91merror[0m: [1mType "Payroll" is neither a built-in type, nor refers to another model, composite type, or enum.[0m
  [1;94m-->[0m  [4mprisma/schema.prisma:4227[0m
[1;94m   | [0m
[1;94m4226 | [0m  updatedBy             User?                 @relation("UserUpdatedBy", fields: [updatedById], references: [id])
[1;94m4227 | [0m  payrolls              [1;91mPayroll[0m[]             // Payroll records for staff
[1;94m   | [0m
[1;91merror[0m: [1mType "AuditLog" is neither a built-in type, nor refers to another model, composite type, or enum.[0m
  [1;94m-->[0m  [4mprisma/schema.prisma:4241[0m
[1;94m   | [0m
[1;94m4240 | [0m  systemLogs            SystemLog[]           @relation("LoggedBy")
[1;94m4241 | [0m  auditLogs             [1;91mAuditLog[0m[]            @relation("PerformedBy")
[1;94m   | [0m
[1;91merror[0m: [1mType "AuditLog" is neither a built-in type, nor refers to another model, composite type, or enum.[0m
  [1;94m-->[0m  [4mprisma/schema.prisma:4260[0m
[1;94m   | [0m
[1;94m4259 | [0m  updatedBy           User?                 @relation("ConfigUpdatedBy", fields: [updatedById], references: [id])
[1;94m4260 | [0m  auditLogs           [1;91mAuditLog[0m[]            @relation("SystemConfigAuditLogs")
[1;94m   | [0m
[1;91merror[0m: [1mType "AuditLog" is neither a built-in type, nor refers to another model, composite type, or enum.[0m
  [1;94m-->[0m  [4mprisma/schema.prisma:4292[0m
[1;94m   | [0m
[1;94m4291 | [0m  updatedBy           User?                 @relation("PermissionUpdatedBy", fields: [updatedById], references: [id])
[1;94m4292 | [0m  auditLogs           [1;91mAuditLog[0m[]            @relation("RolePermissionAuditLogs")
[1;94m   | [0m
[1;91merror[0m: [1mType "Billing" is neither a built-in type, nor refers to another model, composite type, or enum.[0m
  [1;94m-->[0m  [4mprisma/schema.prisma:4358[0m
[1;94m   | [0m
[1;94m4357 | [0m  billingId           Int?                  // Link to billing
[1;94m4358 | [0m  billing             [1;91mBilling[0m?              @relation(fields: [billingId], references: [id])
[1;94m   | [0m
[1;91merror[0m: [1mType "AuditLog" is neither a built-in type, nor refers to another model, composite type, or enum.[0m
  [1;94m-->[0m  [4mprisma/schema.prisma:4363[0m
[1;94m   | [0m
[1;94m4362 | [0m  updatedBy           User?                 @relation("UtilityUpdatedBy", fields: [updatedById], references: [id])
[1;94m4363 | [0m  auditLogs           [1;91mAuditLog[0m[]            @relation("UtilityAuditLogs")
[1;94m   | [0m
[1;91merror[0m: [1mType "AuditLog" is neither a built-in type, nor refers to another model, composite type, or enum.[0m
  [1;94m-->[0m  [4mprisma/schema.prisma:4387[0m
[1;94m   | [0m
[1;94m4386 | [0m  updatedBy           User?                 @relation("ProviderUpdatedBy", fields: [updatedById], references: [id])
[1;94m4387 | [0m  auditLogs           [1;91mAuditLog[0m[]            @relation("UtilityProviderAuditLogs")
[1;94m   | [0m
[1;91merror[0m: [1mType "Procurement" is neither a built-in type, nor refers to another model, composite type, or enum.[0m
  [1;94m-->[0m  [4mprisma/schema.prisma:4406[0m
[1;94m   | [0m
[1;94m4405 | [0m  procurementId       Int?                  // Link to procurement for parts
[1;94m4406 | [0m  procurement         [1;91mProcurement[0m?          @relation(fields: [procurementId], references: [id])
[1;94m   | [0m
[1;91merror[0m: [1mType "AuditLog" is neither a built-in type, nor refers to another model, composite type, or enum.[0m
  [1;94m-->[0m  [4mprisma/schema.prisma:4413[0m
[1;94m   | [0m
[1;94m4412 | [0m  updatedBy           User?                 @relation("MaintenanceUpdatedBy", fields: [updatedById], references: [id])
[1;94m4413 | [0m  auditLogs           [1;91mAuditLog[0m[]            @relation("UtilityMaintenanceAuditLogs")
[1;94m   | [0m
[1;91merror[0m: [1mType "AuditLog" is neither a built-in type, nor refers to another model, composite type, or enum.[0m
  [1;94m-->[0m  [4mprisma/schema.prisma:4475[0m
[1;94m   | [0m
[1;94m4474 | [0m  verifiedBy          User?                 @relation("VerifiedBy", fields: [verifiedById], references: [id])
[1;94m4475 | [0m  auditLogs           [1;91mAuditLog[0m[]            @relation("VerificationAuditLogs")
[1;94m   | [0m
[1;91merror[0m: [1mType "AuditLog" is neither a built-in type, nor refers to another model, composite type, or enum.[0m
  [1;94m-->[0m  [4mprisma/schema.prisma:4504[0m
[1;94m   | [0m
[1;94m4503 | [0m  updatedBy           User?                 @relation("ConfigUpdatedBy", fields: [updatedById], references: [id])
[1;94m4504 | [0m  auditLogs           [1;91mAuditLog[0m[]            @relation("VerificationConfigAuditLogs")
[1;94m   | [0m
[1;91merror[0m: [1mType "Billing" is neither a built-in type, nor refers to another model, composite type, or enum.[0m
  [1;94m-->[0m  [4mprisma/schema.prisma:4559[0m
[1;94m   | [0m
[1;94m4558 | [0m  billingId             Int?                // Link to billing for home care services
[1;94m4559 | [0m  billing               [1;91mBilling[0m?            @relation(fields: [billingId], references: [id])
[1;94m   | [0m
[1;91merror[0m: [1mType "Pharmacy" is neither a built-in type, nor refers to another model, composite type, or enum.[0m
  [1;94m-->[0m  [4mprisma/schema.prisma:4563[0m
[1;94m   | [0m
[1;94m4562 | [0m  pharmacyId            Int?                // Link to prescriptions
[1;94m4563 | [0m  pharmacy              [1;91mPharmacy[0m?           @relation(fields: [pharmacyId], references: [id])
[1;94m   | [0m
[1;91merror[0m: [1mType "Radiology" is neither a built-in type, nor refers to another model, composite type, or enum.[0m
  [1;94m-->[0m  [4mprisma/schema.prisma:4567[0m
[1;94m   | [0m
[1;94m4566 | [0m  radiologyId           Int?                // Link to radiology tests ordered
[1;94m4567 | [0m  radiology             [1;91mRadiology[0m?          @relation(fields: [radiologyId], references: [id])
[1;94m   | [0m
[1;91merror[0m: [1mType "AuditLog" is neither a built-in type, nor refers to another model, composite type, or enum.[0m
  [1;94m-->[0m  [4mprisma/schema.prisma:4574[0m
[1;94m   | [0m
[1;94m4573 | [0m  updatedBy             User?               @relation("HomeCareUpdatedBy", fields: [updatedById], references: [id])
[1;94m4574 | [0m  auditLogs             [1;91mAuditLog[0m[]          @relation("HomeCareAuditLogs")
[1;94m   | [0m
[1;91merror[0m: [1mType "AuditLog" is neither a built-in type, nor refers to another model, composite type, or enum.[0m
  [1;94m-->[0m  [4mprisma/schema.prisma:4598[0m
[1;94m   | [0m
[1;94m4597 | [0m  updatedBy             User?               @relation(fields: [updatedById], references: [id])
[1;94m4598 | [0m  auditLogs             [1;91mAuditLog[0m[]          @relation("HomeCareVisitAuditLogs")
[1;94m   | [0m
[1;91merror[0m: [1mError parsing attribute "@default": Expected an enum value, but found `"PRIVATE"`.[0m
  [1;94m-->[0m  [4mprisma/schema.prisma:44[0m
[1;94m   | [0m
[1;94m43 | [0m  description         String?               // Description of dashboard purpose
[1;94m44 | [0m  accessLevel         DashboardAccessLevel  [1;91m@default("PRIVATE")[0m // PUBLIC, ROLE_BASED, PRIVATE
[1;94m   | [0m
[1;91merror[0m: [1mError parsing attribute "@default": Expected an enum value, but found `"ACTIVE"`.[0m
  [1;94m-->[0m  [4mprisma/schema.prisma:164[0m
[1;94m   | [0m
[1;94m163 | [0m  medications           String?               // Current medications
[1;94m164 | [0m  status                PatientStatus         [1;91m@default("ACTIVE")[0m
[1;94m   | [0m
[1;91merror[0m: [1mError parsing attribute "@default": Expected an enum value, but found `"WAITING"`.[0m
  [1;94m-->[0m  [4mprisma/schema.prisma:879[0m
[1;94m   | [0m
[1;94m878 | [0m  queueNumber         Int                   // Sequential queue number
[1;94m879 | [0m  status              QueueStatus           [1;91m@default("WAITING")[0m
[1;94m   | [0m
[1;91merror[0m: [1mError parsing attribute "@default": Expected an enum value, but found `"SCHEDULED"`.[0m
  [1;94m-->[0m  [4mprisma/schema.prisma:1213[0m
[1;94m   | [0m
[1;94m1212 | [0m  type                RadiologyTestType     // Type of radiology test
[1;94m1213 | [0m  status              RadiologyTestStatus   [1;91m@default("SCHEDULED")[0m
[1;94m   | [0m
[1;91merror[0m: [1mError parsing attribute "@default": Expected an enum value, but found `"AVAILABLE"`.[0m
  [1;94m-->[0m  [4mprisma/schema.prisma:1253[0m
[1;94m   | [0m
[1;94m1252 | [0m  type                RadiologyTestType     // Type of equipment (XRAY, MRI, etc.)
[1;94m1253 | [0m  status              RadiologyEquipmentStatus [1;91m@default("AVAILABLE")[0m
[1;94m   | [0m
[1;91merror[0m: [1mError parsing attribute "@default": Expected an enum value, but found `"AVAILABLE"`.[0m
  [1;94m-->[0m  [4mprisma/schema.prisma:1320[0m
[1;94m   | [0m
[1;94m1319 | [0m  theatreNumber       String                @unique // e.g., "OT-001"
[1;94m1320 | [0m  status              OperationTheatreStatus [1;91m@default("AVAILABLE")[0m
[1;94m   | [0m
[1;91merror[0m: [1mError parsing attribute "@default": Expected an enum value, but found `"SCHEDULED"`.[0m
  [1;94m-->[0m  [4mprisma/schema.prisma:1362[0m
[1;94m   | [0m
[1;94m1361 | [0m  type                ProcedureType         // ELECTIVE, EMERGENCY, etc.
[1;94m1362 | [0m  status              ProcedureStatus       [1;91m@default("SCHEDULED")[0m
[1;94m   | [0m
[1;91merror[0m: [1mError parsing attribute "@default": Expected an enum value, but found `"AVAILABLE"`.[0m
  [1;94m-->[0m  [4mprisma/schema.prisma:1610[0m
[1;94m   | [0m
[1;94m1609 | [0m  type                String?               // e.g., "Surgical", "Diagnostic"
[1;94m1610 | [0m  status              CSSDInstrumentStatus  [1;91m@default("AVAILABLE")[0m
[1;94m   | [0m
[1;91merror[0m: [1mError parsing attribute "@default": Expected an enum value, but found `"PENDING"`.[0m
  [1;94m-->[0m  [4mprisma/schema.prisma:1652[0m
[1;94m   | [0m
[1;94m1651 | [0m  cycleNumber         String?               // Sterilization cycle identifier
[1;94m1652 | [0m  status              CSSDRecordStatus      [1;91m@default("PENDING")[0m
[1;94m   | [0m
[1;91merror[0m: [1mError parsing attribute "@default": Expected an enum value, but found `"PENDING"`.[0m
  [1;94m-->[0m  [4mprisma/schema.prisma:1690[0m
[1;94m   | [0m
[1;94m1689 | [0m  returnDate          DateTime?             // Date instruments were returned
[1;94m1690 | [0m  status              CSSDRequisitionStatus [1;91m@default("PENDING")[0m
[1;94m   | [0m
[1;91merror[0m: [1mError parsing attribute "@default": Expected an enum value, but found `"PENDING"`.[0m
  [1;94m-->[0m  [4mprisma/schema.prisma:1788[0m
[1;94m   | [0m
[1;94m1787 | [0m  type                NursingCareType       // Type of nursing care
[1;94m1788 | [0m  status              NursingCareStatus     [1;91m@default("PENDING")[0m
[1;94m   | [0m
[1;91merror[0m: [1mError parsing attribute "@default": Expected an enum value, but found `"PENDING"`.[0m
  [1;94m-->[0m  [4mprisma/schema.prisma:1823[0m
[1;94m   | [0m
[1;94m1822 | [0m  description         String?               // Task details
[1;94m1823 | [0m  status              NursingTaskStatus     [1;91m@default("PENDING")[0m
[1;94m   | [0m
[1;91merror[0m: [1mError parsing attribute "@default": Expected an enum value, but found `"SCHEDULED"`.[0m
  [1;94m-->[0m  [4mprisma/schema.prisma:2026[0m
[1;94m   | [0m
[1;94m2025 | [0m  type                VaccineType           // Type of vaccine
[1;94m2026 | [0m  status              VaccinationStatus     [1;91m@default("SCHEDULED")[0m
[1;94m   | [0m
[1;91merror[0m: [1mError parsing attribute "@default": Expected an enum value, but found `"ACTIVE"`.[0m
  [1;94m-->[0m  [4mprisma/schema.prisma:2124[0m
[1;94m   | [0m
[1;94m2123 | [0m  category            MedicationCategory     // Category of medication
[1;94m2124 | [0m  status              MedicationStatus      [1;91m@default("ACTIVE")[0m
[1;94m   | [0m
[1;91merror[0m: [1mError parsing attribute "@default": Expected an enum value, but found `"ACTIVE"`.[0m
  [1;94m-->[0m  [4mprisma/schema.prisma:2253[0m
[1;94m   | [0m
[1;94m2252 | [0m  description         String?               // Detailed description of department
[1;94m2253 | [0m  status              DepartmentStatus      [1;91m@default("ACTIVE")[0m
[1;94m   | [0m
[1;91merror[0m: [1mError parsing attribute "@default": Expected an enum value, but found `"PENDING"`.[0m
  [1;94m-->[0m  [4mprisma/schema.prisma:2336[0m
[1;94m   | [0m
[1;94m2335 | [0m  pharmacy            Pharmacy?             @relation(fields: [pharmacyId], references: [id])
[1;94m2336 | [0m  status              PrescriptionStatus    [1;91m@default("PENDING")[0m
[1;94m   | [0m
[1;91merror[0m: [1mError parsing attribute "@default": Expected an enum value, but found `"PENDING"`.[0m
  [1;94m-->[0m  [4mprisma/schema.prisma:3164[0m
[1;94m   | [0m
[1;94m3163 | [0m  claimType           NhifClaimType         // Type of NHIF claim
[1;94m3164 | [0m  status              NhifClaimStatus       [1;91m@default("PENDING")[0m
[1;94m   | [0m
[1;91merror[0m: [1mError parsing attribute "@default": Expected an enum value, but found `"PENDING_APPROVAL"`.[0m
  [1;94m-->[0m  [4mprisma/schema.prisma:3420[0m
[1;94m   | [0m
[1;94m3419 | [0m  name                String                // Supplier name (e.g., "MediCorp Supplies")
[1;94m3420 | [0m  status              SupplierStatus        [1;91m@default("PENDING_APPROVAL")[0m
[1;94m   | [0m
[1;91merror[0m: [1mError parsing attribute "@default": Expected an enum value, but found `"PENDING"`.[0m
  [1;94m-->[0m  [4mprisma/schema.prisma:3462[0m
[1;94m   | [0m
[1;94m3461 | [0m  actualDeliveryDate  DateTime?             // Actual delivery date
[1;94m3462 | [0m  status              PurchaseOrderStatus   [1;91m@default("PENDING")[0m
[1;94m   | [0m
[1;91merror[0m: [1mError parsing attribute "@default": Expected an enum value, but found `"PENDING"`.[0m
  [1;94m-->[0m  [4mprisma/schema.prisma:3504[0m
[1;94m   | [0m
[1;94m3503 | [0m  expiryDate          DateTime?             // Expiry date of item
[1;94m3504 | [0m  status              PurchaseOrderItemStatus [1;91m@default("PENDING")[0m
[1;94m   | [0m
[1;91merror[0m: [1mError parsing attribute "@default": Expected an enum value, but found `"DRAFT"`.[0m
  [1;94m-->[0m  [4mprisma/schema.prisma:3749[0m
[1;94m   | [0m
[1;94m3748 | [0m  type                 MedicalRecordType     // Type of record
[1;94m3749 | [0m  status               MedicalRecordStatus   [1;91m@default("DRAFT")[0m
[1;94m   | [0m
[1;91merror[0m: [1mError parsing attribute "@default": Expected an enum value, but found `"PENDING"`.[0m
  [1;94m-->[0m  [4mprisma/schema.prisma:3995[0m
[1;94m   | [0m
[1;94m3994 | [0m  department          Department?           @relation(fields: [departmentId], references: [id])
[1;94m3995 | [0m  status              ReferralStatus        [1;91m@default("PENDING")[0m
[1;94m   | [0m
[1;91merror[0m: [1mError parsing attribute "@default": Expected an enum value, but found `"OPEN"`.[0m
  [1;94m-->[0m  [4mprisma/schema.prisma:4115[0m
[1;94m   | [0m
[1;94m4114 | [0m  type                SocialServiceType     // Type of social service
[1;94m4115 | [0m  status              SocialServiceCaseStatus [1;91m@default("OPEN")[0m
[1;94m   | [0m
[1;91merror[0m: [1mError parsing attribute "@default": Expected an enum value, but found `"MEDIUM"`.[0m
  [1;94m-->[0m  [4mprisma/schema.prisma:4116[0m
[1;94m   | [0m
[1;94m4115 | [0m  status              SocialServiceCaseStatus @default("OPEN")
[1;94m4116 | [0m  priority            SocialServicePriority [1;91m@default("MEDIUM")[0m
[1;94m   | [0m
[1;91merror[0m: [1mError parsing attribute "@default": Expected an enum value, but found `"PATIENT"`.[0m
  [1;94m-->[0m  [4mprisma/schema.prisma:4212[0m
[1;94m   | [0m
[1;94m4211 | [0m  password              String                // Hashed password
[1;94m4212 | [0m  role                  UserRole              [1;91m@default("PATIENT")[0m // User role
[1;94m   | [0m
[1;91merror[0m: [1mError parsing attribute "@default": Expected an enum value, but found `"ACTIVE"`.[0m
  [1;94m-->[0m  [4mprisma/schema.prisma:4332[0m
[1;94m   | [0m
[1;94m4331 | [0m  type                UtilityType           // Type of utility
[1;94m4332 | [0m  status              UtilityStatus         [1;91m@default("ACTIVE")[0m
[1;94m   | [0m
[1;91merror[0m: [1mError parsing attribute "@default": Expected an enum value, but found `"PENDING"`.[0m
  [1;94m-->[0m  [4mprisma/schema.prisma:4460[0m
[1;94m   | [0m
[1;94m4459 | [0m  type                VerificationType      // Type of verification
[1;94m4460 | [0m  status              VerificationStatus    [1;91m@default("PENDING")[0m
[1;94m   | [0m

Validation Error Count: 219
[Context: validate]

Prisma CLI Version : 5.22.0
